0 info it worked if it ends with ok
1 verbose cli [ 'C:\\Program Files\\nodejs\\node.exe',
1 verbose cli   'C:\\Program Files\\nodejs\\node_modules\\npm\\bin\\npm-cli.js',
1 verbose cli   'run',
1 verbose cli   'dev' ]
2 info using npm@4.1.2
3 info using node@v7.7.3
4 verbose run-script [ 'predev', 'dev', 'postdev' ]
5 info lifecycle contractor@1.0.0~predev: contractor@1.0.0
6 silly lifecycle contractor@1.0.0~predev: no script for predev, continuing
7 info lifecycle contractor@1.0.0~dev: contractor@1.0.0
8 verbose lifecycle contractor@1.0.0~dev: unsafe-perm in lifecycle true
9 verbose lifecycle contractor@1.0.0~dev: PATH: C:\Users\ly-zhjich\AppData\Roaming\nvm\v7.7.3\node_modules\npm\bin\node-gyp-bin;D:\hbuilder\TESTdevelop\contractor\contractor\node_modules\.bin;C:\Program Files (x86)\Common Files\NetSarang;C:\Program Files (x86)\Common Files\Oracle\Java\javapath;E:\app\Administrator\product\11.2.0\client_1\bin;C:\Program Files (x86)\Intel\iCLS Client\;C:\Program Files\Intel\iCLS Client\;C:\Windows\system32;C:\Windows;C:\Windows\System32\Wbem;C:\Windows\System32\WindowsPowerShell\v1.0\;C:\Program Files (x86)\Intel\Intel(R) Management Engine Components\DAL;C:\Program Files\Intel\Intel(R) Management Engine Components\DAL;C:\Program Files (x86)\Intel\Intel(R) Management Engine Components\IPT;C:\Program Files\Intel\Intel(R) Management Engine Components\IPT;C:\Program Files (x86)\NVIDIA Corporation\PhysX\Common;C:\Program Files\TortoiseSVN\bin;C:\Windows\system32\config\systemprofile\.dnx\bin;C:\Program Files\Microsoft DNX\Dnvm\;C:\Users\ly-zhjich\AppData\Roaming\nvm;C:\Program Files\nodejs;D:\jdk\bin;D:\jdk\jre\bin;D:\git\git\Git\cmd;C:\Users\ly-zhjich\AppData\Local\Microsoft\WindowsApps;C:\Users\ly-zhjich\AppData\Roaming\nvm;C:\Program Files\nodejs
10 verbose lifecycle contractor@1.0.0~dev: CWD: D:\hbuilder\TESTdevelop\contractor\contractor
11 silly lifecycle contractor@1.0.0~dev: Args: [ '/d /s /c',
11 silly lifecycle   'webpack-dev-server --inline --progress --config build/webpack.dev.conf.js' ]
12 silly lifecycle contractor@1.0.0~dev: Returned: code: 1  signal: null
13 info lifecycle contractor@1.0.0~dev: Failed to exec dev script
14 verbose stack Error: contractor@1.0.0 dev: `webpack-dev-server --inline --progress --config build/webpack.dev.conf.js`
14 verbose stack Exit status 1
14 verbose stack     at EventEmitter.<anonymous> (C:\Users\ly-zhjich\AppData\Roaming\nvm\v7.7.3\node_modules\npm\lib\utils\lifecycle.js:279:16)
14 verbose stack     at emitTwo (events.js:106:13)
14 verbose stack     at EventEmitter.emit (events.js:194:7)
14 verbose stack     at ChildProcess.<anonymous> (C:\Users\ly-zhjich\AppData\Roaming\nvm\v7.7.3\node_modules\npm\lib\utils\spawn.js:40:14)
14 verbose stack     at emitTwo (events.js:106:13)
14 verbose stack     at ChildProcess.emit (events.js:194:7)
14 verbose stack     at maybeClose (internal/child_process.js:899:16)
14 verbose stack     at Process.ChildProcess._handle.onexit (internal/child_process.js:226:5)
15 verbose pkgid contractor@1.0.0
16 verbose cwd D:\hbuilder\TESTdevelop\contractor\contractor
17 error Windows_NT 10.0.15063
18 error argv "C:\\Program Files\\nodejs\\node.exe" "C:\\Program Files\\nodejs\\node_modules\\npm\\bin\\npm-cli.js" "run" "dev"
19 error node v7.7.3
20 error npm  v4.1.2
21 error code ELIFECYCLE
22 error contractor@1.0.0 dev: `webpack-dev-server --inline --progress --config build/webpack.dev.conf.js`
22 error Exit status 1
23 error Failed at the contractor@1.0.0 dev script 'webpack-dev-server --inline --progress --config build/webpack.dev.conf.js'.
23 error Make sure you have the latest version of node.js and npm installed.
23 error If you do, this is most likely a problem with the contractor package,
23 error not with npm itself.
23 error Tell the author that this fails on your system:
23 error     webpack-dev-server --inline --progress --config build/webpack.dev.conf.js
23 error You can get information on how to open an issue for this project with:
23 error     npm bugs contractor
23 error Or if that isn't available, you can get their info via:
23 error     npm owner ls contractor
23 error There is likely additional logging output above.
24 verbose exit [ 1, true ]
